19-Oct-2018 21:35:14.303 INFO [main] org.apache.catalina.startup.VersionLoggerListener.log Server version:        Apache Tomcat/8.5.34
19-Oct-2018 21:35:14.384 INFO [main] org.apache.catalina.startup.VersionLoggerListener.log Server built:          Sep 4 2018 22:28:22 UTC
19-Oct-2018 21:35:14.384 INFO [main] org.apache.catalina.startup.VersionLoggerListener.log Server number:         8.5.34.0
19-Oct-2018 21:35:14.384 INFO [main] org.apache.catalina.startup.VersionLoggerListener.log OS Name:               Linux
19-Oct-2018 21:35:14.384 INFO [main] org.apache.catalina.startup.VersionLoggerListener.log OS Version:            4.15.0-36-generic
19-Oct-2018 21:35:14.384 INFO [main] org.apache.catalina.startup.VersionLoggerListener.log Architecture:          amd64
19-Oct-2018 21:35:14.385 INFO [main] org.apache.catalina.startup.VersionLoggerListener.log Java Home:             /usr/local/java/jdk1.8.0_121/jre
19-Oct-2018 21:35:14.385 INFO [main] org.apache.catalina.startup.VersionLoggerListener.log JVM Version:           1.8.0_121-b13
19-Oct-2018 21:35:14.385 INFO [main] org.apache.catalina.startup.VersionLoggerListener.log JVM Vendor:            Oracle Corporation
19-Oct-2018 21:35:14.385 INFO [main] org.apache.catalina.startup.VersionLoggerListener.log CATALINA_BASE:         /home/elbo/M2/Web/TP4/apache-tomcat-8.5.34
19-Oct-2018 21:35:14.386 INFO [main] org.apache.catalina.startup.VersionLoggerListener.log CATALINA_HOME:         /home/elbo/M2/Web/TP4/apache-tomcat-8.5.34
19-Oct-2018 21:35:14.386 INFO [main] org.apache.catalina.startup.VersionLoggerListener.log Command line argument: -Djava.util.logging.config.file=/home/elbo/M2/Web/TP4/apache-tomcat-8.5.34/conf/logging.properties
19-Oct-2018 21:35:14.386 INFO [main] org.apache.catalina.startup.VersionLoggerListener.log Command line argument: -Djava.util.logging.manager=org.apache.juli.ClassLoaderLogManager
19-Oct-2018 21:35:14.386 INFO [main] org.apache.catalina.startup.VersionLoggerListener.log Command line argument: -Djdk.tls.ephemeralDHKeySize=2048
19-Oct-2018 21:35:14.387 INFO [main] org.apache.catalina.startup.VersionLoggerListener.log Command line argument: -Djava.protocol.handler.pkgs=org.apache.catalina.webresources
19-Oct-2018 21:35:14.387 INFO [main] org.apache.catalina.startup.VersionLoggerListener.log Command line argument: -Dorg.apache.catalina.security.SecurityListener.UMASK=0027
19-Oct-2018 21:35:14.387 INFO [main] org.apache.catalina.startup.VersionLoggerListener.log Command line argument: -Dignore.endorsed.dirs=
19-Oct-2018 21:35:14.388 INFO [main] org.apache.catalina.startup.VersionLoggerListener.log Command line argument: -Dcatalina.base=/home/elbo/M2/Web/TP4/apache-tomcat-8.5.34
19-Oct-2018 21:35:14.388 INFO [main] org.apache.catalina.startup.VersionLoggerListener.log Command line argument: -Dcatalina.home=/home/elbo/M2/Web/TP4/apache-tomcat-8.5.34
19-Oct-2018 21:35:14.389 INFO [main] org.apache.catalina.startup.VersionLoggerListener.log Command line argument: -Djava.io.tmpdir=/home/elbo/M2/Web/TP4/apache-tomcat-8.5.34/temp
19-Oct-2018 21:35:14.389 INFO [main] org.apache.catalina.core.AprLifecycleListener.lifecycleEvent The APR based Apache Tomcat Native library which allows optimal performance in production environments was not found on the java.library.path: [/usr/java/packages/lib/amd64:/usr/lib64:/lib64:/lib:/usr/lib]
19-Oct-2018 21:35:15.184 INFO [main] org.apache.coyote.AbstractProtocol.init Initializing ProtocolHandler ["http-nio-8080"]
19-Oct-2018 21:35:15.266 INFO [main] org.apache.tomcat.util.net.NioSelectorPool.getSharedSelector Using a shared selector for servlet write/read
19-Oct-2018 21:35:15.301 INFO [main] org.apache.coyote.AbstractProtocol.init Initializing ProtocolHandler ["ajp-nio-8009"]
19-Oct-2018 21:35:15.303 INFO [main] org.apache.tomcat.util.net.NioSelectorPool.getSharedSelector Using a shared selector for servlet write/read
19-Oct-2018 21:35:15.304 INFO [main] org.apache.catalina.startup.Catalina.load Initialization processed in 2614 ms
19-Oct-2018 21:35:15.381 INFO [main] org.apache.catalina.core.StandardService.startInternal Starting service [Catalina]
19-Oct-2018 21:35:15.382 INFO [main] org.apache.catalina.core.StandardEngine.startInternal Starting Servlet Engine: Apache Tomcat/8.5.34
19-Oct-2018 21:35:15.450 INFO [localhost-startStop-1] org.apache.catalina.startup.HostConfig.deployDirectory Deploying web application directory [/home/elbo/M2/Web/TP4/apache-tomcat-8.5.34/webapps/hello]
19-Oct-2018 21:35:16.829 INFO [localhost-startStop-1] org.apache.catalina.startup.HostConfig.deployDirectory Deployment of web application directory [/home/elbo/M2/Web/TP4/apache-tomcat-8.5.34/webapps/hello] has finished in [1,366] ms
19-Oct-2018 21:35:16.829 INFO [localhost-startStop-1] org.apache.catalina.startup.HostConfig.deployDirectory Deploying web application directory [/home/elbo/M2/Web/TP4/apache-tomcat-8.5.34/webapps/host-manager]
19-Oct-2018 21:35:16.901 INFO [localhost-startStop-1] org.apache.catalina.startup.HostConfig.deployDirectory Deployment of web application directory [/home/elbo/M2/Web/TP4/apache-tomcat-8.5.34/webapps/host-manager] has finished in [71] ms
19-Oct-2018 21:35:16.901 INFO [localhost-startStop-1] org.apache.catalina.startup.HostConfig.deployDirectory Deploying web application directory [/home/elbo/M2/Web/TP4/apache-tomcat-8.5.34/webapps/docs]
19-Oct-2018 21:35:16.935 INFO [localhost-startStop-1] org.apache.catalina.startup.HostConfig.deployDirectory Deployment of web application directory [/home/elbo/M2/Web/TP4/apache-tomcat-8.5.34/webapps/docs] has finished in [33] ms
19-Oct-2018 21:35:16.935 INFO [localhost-startStop-1] org.apache.catalina.startup.HostConfig.deployDirectory Deploying web application directory [/home/elbo/M2/Web/TP4/apache-tomcat-8.5.34/webapps/examples]
19-Oct-2018 21:35:17.434 INFO [localhost-startStop-1] org.apache.catalina.startup.HostConfig.deployDirectory Deployment of web application directory [/home/elbo/M2/Web/TP4/apache-tomcat-8.5.34/webapps/examples] has finished in [499] ms
19-Oct-2018 21:35:17.434 INFO [localhost-startStop-1] org.apache.catalina.startup.HostConfig.deployDirectory Deploying web application directory [/home/elbo/M2/Web/TP4/apache-tomcat-8.5.34/webapps/manager]
19-Oct-2018 21:35:17.480 INFO [localhost-startStop-1] org.apache.catalina.startup.HostConfig.deployDirectory Deployment of web application directory [/home/elbo/M2/Web/TP4/apache-tomcat-8.5.34/webapps/manager] has finished in [45] ms
19-Oct-2018 21:35:17.480 INFO [localhost-startStop-1] org.apache.catalina.startup.HostConfig.deployDirectory Deploying web application directory [/home/elbo/M2/Web/TP4/apache-tomcat-8.5.34/webapps/ROOT]
19-Oct-2018 21:35:17.510 INFO [localhost-startStop-1] org.apache.catalina.startup.HostConfig.deployDirectory Deployment of web application directory [/home/elbo/M2/Web/TP4/apache-tomcat-8.5.34/webapps/ROOT] has finished in [30] ms
19-Oct-2018 21:35:17.514 INFO [main] org.apache.coyote.AbstractProtocol.start Starting ProtocolHandler ["http-nio-8080"]
19-Oct-2018 21:35:17.521 INFO [main] org.apache.coyote.AbstractProtocol.start Starting ProtocolHandler ["ajp-nio-8009"]
19-Oct-2018 21:35:17.523 INFO [main] org.apache.catalina.startup.Catalina.start Server startup in 2219 ms
19-Oct-2018 21:40:51.945 INFO [main] org.apache.catalina.core.StandardServer.await A valid shutdown command was received via the shutdown port. Stopping the Server instance.
19-Oct-2018 21:40:51.945 INFO [main] org.apache.coyote.AbstractProtocol.pause Pausing ProtocolHandler ["http-nio-8080"]
19-Oct-2018 21:40:51.998 INFO [main] org.apache.coyote.AbstractProtocol.pause Pausing ProtocolHandler ["ajp-nio-8009"]
19-Oct-2018 21:40:52.050 INFO [main] org.apache.catalina.core.StandardService.stopInternal Stopping service [Catalina]
19-Oct-2018 21:40:52.143 INFO [main] org.apache.coyote.AbstractProtocol.stop Stopping ProtocolHandler ["http-nio-8080"]
19-Oct-2018 21:40:52.145 INFO [main] org.apache.coyote.AbstractProtocol.stop Stopping ProtocolHandler ["ajp-nio-8009"]
19-Oct-2018 21:40:52.147 INFO [main] org.apache.coyote.AbstractProtocol.destroy Destroying ProtocolHandler ["http-nio-8080"]
19-Oct-2018 21:40:52.148 INFO [main] org.apache.coyote.AbstractProtocol.destroy Destroying ProtocolHandler ["ajp-nio-8009"]
19-Oct-2018 21:40:56.716 INFO [main] org.apache.catalina.startup.VersionLoggerListener.log Server version:        Apache Tomcat/8.5.34
19-Oct-2018 21:40:56.718 INFO [main] org.apache.catalina.startup.VersionLoggerListener.log Server built:          Sep 4 2018 22:28:22 UTC
19-Oct-2018 21:40:56.718 INFO [main] org.apache.catalina.startup.VersionLoggerListener.log Server number:         8.5.34.0
19-Oct-2018 21:40:56.719 INFO [main] org.apache.catalina.startup.VersionLoggerListener.log OS Name:               Linux
19-Oct-2018 21:40:56.719 INFO [main] org.apache.catalina.startup.VersionLoggerListener.log OS Version:            4.15.0-36-generic
19-Oct-2018 21:40:56.719 INFO [main] org.apache.catalina.startup.VersionLoggerListener.log Architecture:          amd64
19-Oct-2018 21:40:56.719 INFO [main] org.apache.catalina.startup.VersionLoggerListener.log Java Home:             /usr/local/java/jdk1.8.0_121/jre
19-Oct-2018 21:40:56.719 INFO [main] org.apache.catalina.startup.VersionLoggerListener.log JVM Version:           1.8.0_121-b13
19-Oct-2018 21:40:56.719 INFO [main] org.apache.catalina.startup.VersionLoggerListener.log JVM Vendor:            Oracle Corporation
19-Oct-2018 21:40:56.719 INFO [main] org.apache.catalina.startup.VersionLoggerListener.log CATALINA_BASE:         /home/elbo/M2/Web/TP4/apache-tomcat-8.5.34
19-Oct-2018 21:40:56.720 INFO [main] org.apache.catalina.startup.VersionLoggerListener.log CATALINA_HOME:         /home/elbo/M2/Web/TP4/apache-tomcat-8.5.34
19-Oct-2018 21:40:56.720 INFO [main] org.apache.catalina.startup.VersionLoggerListener.log Command line argument: -Djava.util.logging.config.file=/home/elbo/M2/Web/TP4/apache-tomcat-8.5.34/conf/logging.properties
19-Oct-2018 21:40:56.720 INFO [main] org.apache.catalina.startup.VersionLoggerListener.log Command line argument: -Djava.util.logging.manager=org.apache.juli.ClassLoaderLogManager
19-Oct-2018 21:40:56.720 INFO [main] org.apache.catalina.startup.VersionLoggerListener.log Command line argument: -Djdk.tls.ephemeralDHKeySize=2048
19-Oct-2018 21:40:56.720 INFO [main] org.apache.catalina.startup.VersionLoggerListener.log Command line argument: -Djava.protocol.handler.pkgs=org.apache.catalina.webresources
19-Oct-2018 21:40:56.721 INFO [main] org.apache.catalina.startup.VersionLoggerListener.log Command line argument: -Dorg.apache.catalina.security.SecurityListener.UMASK=0027
19-Oct-2018 21:40:56.721 INFO [main] org.apache.catalina.startup.VersionLoggerListener.log Command line argument: -Dignore.endorsed.dirs=
19-Oct-2018 21:40:56.721 INFO [main] org.apache.catalina.startup.VersionLoggerListener.log Command line argument: -Dcatalina.base=/home/elbo/M2/Web/TP4/apache-tomcat-8.5.34
19-Oct-2018 21:40:56.721 INFO [main] org.apache.catalina.startup.VersionLoggerListener.log Command line argument: -Dcatalina.home=/home/elbo/M2/Web/TP4/apache-tomcat-8.5.34
19-Oct-2018 21:40:56.721 INFO [main] org.apache.catalina.startup.VersionLoggerListener.log Command line argument: -Djava.io.tmpdir=/home/elbo/M2/Web/TP4/apache-tomcat-8.5.34/temp
19-Oct-2018 21:40:56.721 INFO [main] org.apache.catalina.core.AprLifecycleListener.lifecycleEvent The APR based Apache Tomcat Native library which allows optimal performance in production environments was not found on the java.library.path: [/usr/java/packages/lib/amd64:/usr/lib64:/lib64:/lib:/usr/lib]
19-Oct-2018 21:40:56.874 INFO [main] org.apache.coyote.AbstractProtocol.init Initializing ProtocolHandler ["http-nio-8080"]
19-Oct-2018 21:40:56.888 INFO [main] org.apache.tomcat.util.net.NioSelectorPool.getSharedSelector Using a shared selector for servlet write/read
19-Oct-2018 21:40:56.895 INFO [main] org.apache.coyote.AbstractProtocol.init Initializing ProtocolHandler ["ajp-nio-8009"]
19-Oct-2018 21:40:56.897 INFO [main] org.apache.tomcat.util.net.NioSelectorPool.getSharedSelector Using a shared selector for servlet write/read
19-Oct-2018 21:40:56.897 INFO [main] org.apache.catalina.startup.Catalina.load Initialization processed in 619 ms
19-Oct-2018 21:40:56.932 INFO [main] org.apache.catalina.core.StandardService.startInternal Starting service [Catalina]
19-Oct-2018 21:40:56.933 INFO [main] org.apache.catalina.core.StandardEngine.startInternal Starting Servlet Engine: Apache Tomcat/8.5.34
19-Oct-2018 21:40:56.944 INFO [localhost-startStop-1] org.apache.catalina.startup.HostConfig.deployDirectory Deploying web application directory [/home/elbo/M2/Web/TP4/apache-tomcat-8.5.34/webapps/hello]
19-Oct-2018 21:40:57.386 INFO [localhost-startStop-1] org.apache.catalina.startup.HostConfig.deployDirectory Deployment of web application directory [/home/elbo/M2/Web/TP4/apache-tomcat-8.5.34/webapps/hello] has finished in [441] ms
19-Oct-2018 21:40:57.386 INFO [localhost-startStop-1] org.apache.catalina.startup.HostConfig.deployDirectory Deploying web application directory [/home/elbo/M2/Web/TP4/apache-tomcat-8.5.34/webapps/host-manager]
19-Oct-2018 21:40:57.426 INFO [localhost-startStop-1] org.apache.catalina.startup.HostConfig.deployDirectory Deployment of web application directory [/home/elbo/M2/Web/TP4/apache-tomcat-8.5.34/webapps/host-manager] has finished in [40] ms
19-Oct-2018 21:40:57.426 INFO [localhost-startStop-1] org.apache.catalina.startup.HostConfig.deployDirectory Deploying web application directory [/home/elbo/M2/Web/TP4/apache-tomcat-8.5.34/webapps/docs]
19-Oct-2018 21:40:57.446 INFO [localhost-startStop-1] org.apache.catalina.startup.HostConfig.deployDirectory Deployment of web application directory [/home/elbo/M2/Web/TP4/apache-tomcat-8.5.34/webapps/docs] has finished in [20] ms
19-Oct-2018 21:40:57.446 INFO [localhost-startStop-1] org.apache.catalina.startup.HostConfig.deployDirectory Deploying web application directory [/home/elbo/M2/Web/TP4/apache-tomcat-8.5.34/webapps/examples]
19-Oct-2018 21:40:57.739 INFO [localhost-startStop-1] org.apache.catalina.startup.HostConfig.deployDirectory Deployment of web application directory [/home/elbo/M2/Web/TP4/apache-tomcat-8.5.34/webapps/examples] has finished in [293] ms
19-Oct-2018 21:40:57.739 INFO [localhost-startStop-1] org.apache.catalina.startup.HostConfig.deployDirectory Deploying web application directory [/home/elbo/M2/Web/TP4/apache-tomcat-8.5.34/webapps/manager]
19-Oct-2018 21:40:57.768 INFO [localhost-startStop-1] org.apache.catalina.startup.HostConfig.deployDirectory Deployment of web application directory [/home/elbo/M2/Web/TP4/apache-tomcat-8.5.34/webapps/manager] has finished in [29] ms
19-Oct-2018 21:40:57.768 INFO [localhost-startStop-1] org.apache.catalina.startup.HostConfig.deployDirectory Deploying web application directory [/home/elbo/M2/Web/TP4/apache-tomcat-8.5.34/webapps/ROOT]
19-Oct-2018 21:40:57.786 INFO [localhost-startStop-1] org.apache.catalina.startup.HostConfig.deployDirectory Deployment of web application directory [/home/elbo/M2/Web/TP4/apache-tomcat-8.5.34/webapps/ROOT] has finished in [18] ms
19-Oct-2018 21:40:57.797 INFO [main] org.apache.coyote.AbstractProtocol.start Starting ProtocolHandler ["http-nio-8080"]
19-Oct-2018 21:40:57.813 INFO [main] org.apache.coyote.AbstractProtocol.start Starting ProtocolHandler ["ajp-nio-8009"]
19-Oct-2018 21:40:57.815 INFO [main] org.apache.catalina.startup.Catalina.start Server startup in 917 ms
19-Oct-2018 21:41:51.187 INFO [http-nio-8080-exec-7] org.apache.catalina.startup.HostConfig.deployWAR Deploying web application archive [/home/elbo/M2/Web/TP4/apache-tomcat-8.5.34/webapps/HelloWorld.war]
19-Oct-2018 21:41:51.219 INFO [http-nio-8080-exec-7] org.apache.catalina.startup.HostConfig.deployWAR Deployment of web application archive [/home/elbo/M2/Web/TP4/apache-tomcat-8.5.34/webapps/HelloWorld.war] has finished in [32] ms
19-Oct-2018 21:53:39.157 INFO [http-nio-8080-exec-1] org.apache.catalina.startup.HostConfig.undeploy Undeploying context [/HelloWorld]
19-Oct-2018 21:53:52.266 INFO [http-nio-8080-exec-8] org.apache.catalina.startup.HostConfig.deployWAR Deploying web application archive [/home/elbo/M2/Web/TP4/apache-tomcat-8.5.34/webapps/HelloWorld.war]
19-Oct-2018 21:53:52.295 INFO [http-nio-8080-exec-8] org.apache.catalina.startup.HostConfig.deployWAR Deployment of web application archive [/home/elbo/M2/Web/TP4/apache-tomcat-8.5.34/webapps/HelloWorld.war] has finished in [28] ms
19-Oct-2018 22:01:42.210 INFO [http-nio-8080-exec-20] org.apache.catalina.core.StandardContext.reload Reloading Context with name [/HelloWorld] has started
19-Oct-2018 22:01:42.236 INFO [http-nio-8080-exec-20] org.apache.catalina.core.StandardContext.reload Reloading Context with name [/HelloWorld] is completed
19-Oct-2018 22:01:53.427 INFO [http-nio-8080-exec-19] org.apache.catalina.startup.HostConfig.undeploy Undeploying context [/HelloWorld]
19-Oct-2018 22:01:59.507 INFO [http-nio-8080-exec-12] org.apache.catalina.startup.HostConfig.deployWAR Deploying web application archive [/home/elbo/M2/Web/TP4/apache-tomcat-8.5.34/webapps/HelloWorld.war]
19-Oct-2018 22:01:59.526 INFO [http-nio-8080-exec-12] org.apache.catalina.startup.HostConfig.deployWAR Deployment of web application archive [/home/elbo/M2/Web/TP4/apache-tomcat-8.5.34/webapps/HelloWorld.war] has finished in [19] ms
19-Oct-2018 22:21:48.691 INFO [main] org.apache.catalina.core.StandardServer.await A valid shutdown command was received via the shutdown port. Stopping the Server instance.
19-Oct-2018 22:21:48.691 INFO [main] org.apache.coyote.AbstractProtocol.pause Pausing ProtocolHandler ["http-nio-8080"]
19-Oct-2018 22:21:48.745 INFO [main] org.apache.coyote.AbstractProtocol.pause Pausing ProtocolHandler ["ajp-nio-8009"]
19-Oct-2018 22:21:48.796 INFO [main] org.apache.catalina.core.StandardService.stopInternal Stopping service [Catalina]
19-Oct-2018 22:21:48.843 INFO [main] org.apache.coyote.AbstractProtocol.stop Stopping ProtocolHandler ["http-nio-8080"]
19-Oct-2018 22:21:48.844 INFO [main] org.apache.coyote.AbstractProtocol.stop Stopping ProtocolHandler ["ajp-nio-8009"]
19-Oct-2018 22:21:48.846 INFO [main] org.apache.coyote.AbstractProtocol.destroy Destroying ProtocolHandler ["http-nio-8080"]
19-Oct-2018 22:21:48.846 INFO [main] org.apache.coyote.AbstractProtocol.destroy Destroying ProtocolHandler ["ajp-nio-8009"]
19-Oct-2018 22:21:51.799 INFO [main] org.apache.catalina.startup.VersionLoggerListener.log Server version:        Apache Tomcat/8.5.34
19-Oct-2018 22:21:51.801 INFO [main] org.apache.catalina.startup.VersionLoggerListener.log Server built:          Sep 4 2018 22:28:22 UTC
19-Oct-2018 22:21:51.801 INFO [main] org.apache.catalina.startup.VersionLoggerListener.log Server number:         8.5.34.0
19-Oct-2018 22:21:51.802 INFO [main] org.apache.catalina.startup.VersionLoggerListener.log OS Name:               Linux
19-Oct-2018 22:21:51.802 INFO [main] org.apache.catalina.startup.VersionLoggerListener.log OS Version:            4.15.0-36-generic
19-Oct-2018 22:21:51.802 INFO [main] org.apache.catalina.startup.VersionLoggerListener.log Architecture:          amd64
19-Oct-2018 22:21:51.802 INFO [main] org.apache.catalina.startup.VersionLoggerListener.log Java Home:             /usr/local/java/jdk1.8.0_121/jre
19-Oct-2018 22:21:51.802 INFO [main] org.apache.catalina.startup.VersionLoggerListener.log JVM Version:           1.8.0_121-b13
19-Oct-2018 22:21:51.803 INFO [main] org.apache.catalina.startup.VersionLoggerListener.log JVM Vendor:            Oracle Corporation
19-Oct-2018 22:21:51.803 INFO [main] org.apache.catalina.startup.VersionLoggerListener.log CATALINA_BASE:         /home/elbo/M2/Web/TP4/apache-tomcat-8.5.34
19-Oct-2018 22:21:51.803 INFO [main] org.apache.catalina.startup.VersionLoggerListener.log CATALINA_HOME:         /home/elbo/M2/Web/TP4/apache-tomcat-8.5.34
19-Oct-2018 22:21:51.804 INFO [main] org.apache.catalina.startup.VersionLoggerListener.log Command line argument: -Djava.util.logging.config.file=/home/elbo/M2/Web/TP4/apache-tomcat-8.5.34/conf/logging.properties
19-Oct-2018 22:21:51.804 INFO [main] org.apache.catalina.startup.VersionLoggerListener.log Command line argument: -Djava.util.logging.manager=org.apache.juli.ClassLoaderLogManager
19-Oct-2018 22:21:51.804 INFO [main] org.apache.catalina.startup.VersionLoggerListener.log Command line argument: -Djdk.tls.ephemeralDHKeySize=2048
19-Oct-2018 22:21:51.805 INFO [main] org.apache.catalina.startup.VersionLoggerListener.log Command line argument: -Djava.protocol.handler.pkgs=org.apache.catalina.webresources
19-Oct-2018 22:21:51.805 INFO [main] org.apache.catalina.startup.VersionLoggerListener.log Command line argument: -Dorg.apache.catalina.security.SecurityListener.UMASK=0027
19-Oct-2018 22:21:51.805 INFO [main] org.apache.catalina.startup.VersionLoggerListener.log Command line argument: -Dignore.endorsed.dirs=
19-Oct-2018 22:21:51.806 INFO [main] org.apache.catalina.startup.VersionLoggerListener.log Command line argument: -Dcatalina.base=/home/elbo/M2/Web/TP4/apache-tomcat-8.5.34
19-Oct-2018 22:21:51.806 INFO [main] org.apache.catalina.startup.VersionLoggerListener.log Command line argument: -Dcatalina.home=/home/elbo/M2/Web/TP4/apache-tomcat-8.5.34
19-Oct-2018 22:21:51.807 INFO [main] org.apache.catalina.startup.VersionLoggerListener.log Command line argument: -Djava.io.tmpdir=/home/elbo/M2/Web/TP4/apache-tomcat-8.5.34/temp
19-Oct-2018 22:21:51.807 INFO [main] org.apache.catalina.core.AprLifecycleListener.lifecycleEvent The APR based Apache Tomcat Native library which allows optimal performance in production environments was not found on the java.library.path: [/usr/java/packages/lib/amd64:/usr/lib64:/lib64:/lib:/usr/lib]
19-Oct-2018 22:21:52.087 INFO [main] org.apache.coyote.AbstractProtocol.init Initializing ProtocolHandler ["http-nio-8080"]
19-Oct-2018 22:21:52.106 INFO [main] org.apache.tomcat.util.net.NioSelectorPool.getSharedSelector Using a shared selector for servlet write/read
19-Oct-2018 22:21:52.115 INFO [main] org.apache.coyote.AbstractProtocol.init Initializing ProtocolHandler ["ajp-nio-8009"]
19-Oct-2018 22:21:52.117 INFO [main] org.apache.tomcat.util.net.NioSelectorPool.getSharedSelector Using a shared selector for servlet write/read
19-Oct-2018 22:21:52.118 INFO [main] org.apache.catalina.startup.Catalina.load Initialization processed in 759 ms
19-Oct-2018 22:21:52.155 INFO [main] org.apache.catalina.core.StandardService.startInternal Starting service [Catalina]
19-Oct-2018 22:21:52.155 INFO [main] org.apache.catalina.core.StandardEngine.startInternal Starting Servlet Engine: Apache Tomcat/8.5.34
19-Oct-2018 22:21:52.183 INFO [localhost-startStop-1] org.apache.catalina.startup.HostConfig.deployWAR Deploying web application archive [/home/elbo/M2/Web/TP4/apache-tomcat-8.5.34/webapps/HelloWorld.war]
19-Oct-2018 22:21:52.630 INFO [localhost-startStop-1] org.apache.catalina.startup.HostConfig.deployWAR Deployment of web application archive [/home/elbo/M2/Web/TP4/apache-tomcat-8.5.34/webapps/HelloWorld.war] has finished in [446] ms
19-Oct-2018 22:21:52.631 INFO [localhost-startStop-1] org.apache.catalina.startup.HostConfig.deployDirectory Deploying web application directory [/home/elbo/M2/Web/TP4/apache-tomcat-8.5.34/webapps/hello]
19-Oct-2018 22:21:52.670 INFO [localhost-startStop-1] org.apache.catalina.startup.HostConfig.deployDirectory Deployment of web application directory [/home/elbo/M2/Web/TP4/apache-tomcat-8.5.34/webapps/hello] has finished in [39] ms
19-Oct-2018 22:21:52.671 INFO [localhost-startStop-1] org.apache.catalina.startup.HostConfig.deployDirectory Deploying web application directory [/home/elbo/M2/Web/TP4/apache-tomcat-8.5.34/webapps/host-manager]
19-Oct-2018 22:21:52.707 INFO [localhost-startStop-1] org.apache.catalina.startup.HostConfig.deployDirectory Deployment of web application directory [/home/elbo/M2/Web/TP4/apache-tomcat-8.5.34/webapps/host-manager] has finished in [35] ms
19-Oct-2018 22:21:52.707 INFO [localhost-startStop-1] org.apache.catalina.startup.HostConfig.deployDirectory Deploying web application directory [/home/elbo/M2/Web/TP4/apache-tomcat-8.5.34/webapps/docs]
19-Oct-2018 22:21:52.726 INFO [localhost-startStop-1] org.apache.catalina.startup.HostConfig.deployDirectory Deployment of web application directory [/home/elbo/M2/Web/TP4/apache-tomcat-8.5.34/webapps/docs] has finished in [19] ms
19-Oct-2018 22:21:52.726 INFO [localhost-startStop-1] org.apache.catalina.startup.HostConfig.deployDirectory Deploying web application directory [/home/elbo/M2/Web/TP4/apache-tomcat-8.5.34/webapps/examples]
19-Oct-2018 22:21:53.059 INFO [localhost-startStop-1] org.apache.catalina.startup.HostConfig.deployDirectory Deployment of web application directory [/home/elbo/M2/Web/TP4/apache-tomcat-8.5.34/webapps/examples] has finished in [333] ms
19-Oct-2018 22:21:53.060 INFO [localhost-startStop-1] org.apache.catalina.startup.HostConfig.deployDirectory Deploying web application directory [/home/elbo/M2/Web/TP4/apache-tomcat-8.5.34/webapps/manager]
19-Oct-2018 22:21:53.211 INFO [localhost-startStop-1] org.apache.catalina.startup.HostConfig.deployDirectory Deployment of web application directory [/home/elbo/M2/Web/TP4/apache-tomcat-8.5.34/webapps/manager] has finished in [150] ms
19-Oct-2018 22:21:53.211 INFO [localhost-startStop-1] org.apache.catalina.startup.HostConfig.deployDirectory Deploying web application directory [/home/elbo/M2/Web/TP4/apache-tomcat-8.5.34/webapps/ROOT]
19-Oct-2018 22:21:53.226 INFO [localhost-startStop-1] org.apache.catalina.startup.HostConfig.deployDirectory Deployment of web application directory [/home/elbo/M2/Web/TP4/apache-tomcat-8.5.34/webapps/ROOT] has finished in [15] ms
19-Oct-2018 22:21:53.234 INFO [main] org.apache.coyote.AbstractProtocol.start Starting ProtocolHandler ["http-nio-8080"]
19-Oct-2018 22:21:53.247 INFO [main] org.apache.coyote.AbstractProtocol.start Starting ProtocolHandler ["ajp-nio-8009"]
19-Oct-2018 22:21:53.249 INFO [main] org.apache.catalina.startup.Catalina.start Server startup in 1130 ms
19-Oct-2018 22:22:00.213 INFO [http-nio-8080-exec-3] org.apache.catalina.startup.HostConfig.undeploy Undeploying context [/HelloWorld]
19-Oct-2018 22:22:07.586 INFO [http-nio-8080-exec-1] org.apache.catalina.startup.HostConfig.deployWAR Deploying web application archive [/home/elbo/M2/Web/TP4/apache-tomcat-8.5.34/webapps/HelloWorld.war]
19-Oct-2018 22:22:08.235 INFO [http-nio-8080-exec-1] org.apache.jasper.servlet.TldScanner.scanJars At least one JAR was scanned for TLDs yet contained no TLDs. Enable debug logging for this logger for a complete list of JARs that were scanned but no TLDs were found in them. Skipping unneeded JARs during scanning can improve startup time and JSP compilation time.
19-Oct-2018 22:22:09.228 INFO [http-nio-8080-exec-1] org.apache.catalina.startup.HostConfig.deployWAR Deployment of web application archive [/home/elbo/M2/Web/TP4/apache-tomcat-8.5.34/webapps/HelloWorld.war] has finished in [1,641] ms
19-Oct-2018 22:37:01.078 INFO [http-nio-8080-exec-15] org.apache.catalina.startup.HostConfig.undeploy Undeploying context [/HelloWorld]
19-Oct-2018 22:37:08.275 INFO [http-nio-8080-exec-17] org.apache.catalina.startup.HostConfig.deployWAR Deploying web application archive [/home/elbo/M2/Web/TP4/apache-tomcat-8.5.34/webapps/HelloWorld.war]
19-Oct-2018 22:37:08.293 INFO [http-nio-8080-exec-17] org.apache.catalina.startup.HostConfig.deployWAR Deployment of web application archive [/home/elbo/M2/Web/TP4/apache-tomcat-8.5.34/webapps/HelloWorld.war] has finished in [18] ms
19-Oct-2018 22:38:07.359 INFO [http-nio-8080-exec-21] org.apache.catalina.startup.HostConfig.undeploy Undeploying context [/HelloWorld]
19-Oct-2018 22:38:13.293 INFO [http-nio-8080-exec-22] org.apache.catalina.startup.HostConfig.deployWAR Deploying web application archive [/home/elbo/M2/Web/TP4/apache-tomcat-8.5.34/webapps/HelloWorld.war]
19-Oct-2018 22:38:13.672 INFO [http-nio-8080-exec-22] org.apache.jasper.servlet.TldScanner.scanJars At least one JAR was scanned for TLDs yet contained no TLDs. Enable debug logging for this logger for a complete list of JARs that were scanned but no TLDs were found in them. Skipping unneeded JARs during scanning can improve startup time and JSP compilation time.
19-Oct-2018 22:38:14.360 INFO [http-nio-8080-exec-22] org.apache.catalina.startup.HostConfig.deployWAR Deployment of web application archive [/home/elbo/M2/Web/TP4/apache-tomcat-8.5.34/webapps/HelloWorld.war] has finished in [1,066] ms
19-Oct-2018 22:49:13.915 INFO [main] org.apache.catalina.core.StandardServer.await A valid shutdown command was received via the shutdown port. Stopping the Server instance.
19-Oct-2018 22:49:13.915 INFO [main] org.apache.coyote.AbstractProtocol.pause Pausing ProtocolHandler ["http-nio-8080"]
19-Oct-2018 22:49:13.968 INFO [main] org.apache.coyote.AbstractProtocol.pause Pausing ProtocolHandler ["ajp-nio-8009"]
19-Oct-2018 22:49:14.020 INFO [main] org.apache.catalina.core.StandardService.stopInternal Stopping service [Catalina]
19-Oct-2018 22:49:14.060 INFO [main] org.apache.coyote.AbstractProtocol.stop Stopping ProtocolHandler ["http-nio-8080"]
19-Oct-2018 22:49:14.062 INFO [main] org.apache.coyote.AbstractProtocol.stop Stopping ProtocolHandler ["ajp-nio-8009"]
19-Oct-2018 22:49:14.063 INFO [main] org.apache.coyote.AbstractProtocol.destroy Destroying ProtocolHandler ["http-nio-8080"]
19-Oct-2018 22:49:14.064 INFO [main] org.apache.coyote.AbstractProtocol.destroy Destroying ProtocolHandler ["ajp-nio-8009"]
